<?xml version="1.0" encoding="UTF-8"?>
<!-- Generated by org.testng.reporters.JUnitReportReporter -->
<testsuite hostname="SUNAINA" failures="0" tests="1" name="demoJenkins.demoTest1" time="1.875" errors="0" timestamp="2024-10-18T10:44:59 IST" skipped="0">
  <testcase classname="demoJenkins.demoTest1" name="method1" time="1.875"/>
  <system-out/>
</testsuite> <!-- demoJenkins.demoTest1 -->
